<?xml version="1.0" encoding="UTF-8"?>
<!-- Generated by org.testng.reporters.JUnitReportReporter -->
<testsuite hostname="Firozs-Mac-Pro.home" failures="0" tests="1" name="Day_15_06062020.Yahoo_page.Yahoo_Page_Object_Search_Result" time="12.590" errors="0" timestamp="2020-06-08T12:59:19 EDT" skipped="0">
  <testcase classname="Day_15_06062020.Yahoo_page.Yahoo_Page_Object_Search_Result" name="Yahoo_Search_Result" time="12.590"/>
  <system-out>
Entering a value on element Search Field Capturing a text from element Search Result  </system-out>
</testsuite> <!-- Day_15_06062020.Yahoo_page.Yahoo_Page_Object_Search_Result -->
