<?xml version="1.0" encoding="UTF-8"?>
<!-- Generated by org.testng.reporters.JUnitReportReporter -->
<testsuite hostname="Firozs-Mac-Pro.home" failures="0" tests="1" name="Action_items.Abstract.Washington_Abstract" time="6.635" errors="0" timestamp="2020-06-10T15:50:16 EDT" skipped="0">
  <testcase classname="Action_items.Abstract.Washington_Abstract" name="washington" time="6.635"/>
  <system-out/>
</testsuite> <!-- Action_items.Abstract.Washington_Abstract -->
