<?xml version="1.0" encoding="UTF-8"?>
<!-- Generated by org.testng.reporters.JUnitReportReporter -->
<testsuite hostname="Firozs-Mac-Pro.home" failures="0" tests="1" name="Practice.Boolean_testing" time="1.125" errors="0" timestamp="2020-06-05T15:09:11 EDT" skipped="0">
  <testcase classname="Practice.Boolean_testing" name="google" time="1.125"/>
  <system-out/>
</testsuite> <!-- Practice.Boolean_testing -->
