<?xml version="1.0" encoding="UTF-8"?>
<!-- Generated by org.testng.reporters.JUnitReportReporter -->
<testsuite hostname="Firozs-Mac-Pro.home" failures="0" tests="1" name="Action_items.ActionItem_09.MetLife_Execution_Page" time="92.859" errors="0" timestamp="2020-06-08T21:54:50 EDT" skipped="0">
  <testcase classname="Action_items.ActionItem_09.MetLife_Execution_Page" name="ExecutionPage" time="92.859"/>
  <system-out>
Entering a value on element Enter zip code Entering a value on element Applying referral code Capturing a text from element Error Message Capturing a text from element Capture confirmation message Entering a value on element Enter zip code Entering a value on element Applying referral code Capturing a text from element Error Message Capturing a text from element Capture confirmation message Entering a value on element Enter zip code Entering a value on element Applying referral code Capturing a text from element Error Message Capturing a text from element Capture confirmation message  </system-out>
</testsuite> <!-- Action_items.ActionItem_09.MetLife_Execution_Page -->
