<?xml version="1.0" encoding="UTF-8"?>
<!-- Generated by org.testng.reporters.JUnitReportReporter -->
<testsuite hostname="Firozs-Mac-Pro.home" failures="0" tests="1" name="Action_items.Abstract.Yahoo_Abtract" time="11.920" errors="0" timestamp="2020-06-05T20:58:11 EDT" skipped="0">
  <testcase classname="Action_items.Abstract.Yahoo_Abtract" name="yahoo" time="11.920"/>
  <system-out>
Entering a value on element Input and proceed  </system-out>
</testsuite> <!-- Action_items.Abstract.Yahoo_Abtract -->
