<?xml version="1.0" encoding="UTF-8"?>
<!-- Generated by org.testng.reporters.JUnitReportReporter -->
<testsuite hostname="Firozs-Mac-Pro.home" failures="0" tests="1" name="Action_items.Abstract.Consonant_identification_Abstract" time="0.008" errors="0" timestamp="2020-06-05T17:12:56 EDT" skipped="0">
  <testcase classname="Action_items.Abstract.Consonant_identification_Abstract" name="consonant" time="0.008"/>
  <system-out/>
</testsuite> <!-- Action_items.Abstract.Consonant_identification_Abstract -->
