<?xml version="1.0" encoding="UTF-8"?>
<!-- Generated by org.testng.reporters.JUnitReportReporter -->
<testsuite hostname="Firozs-Mac-Pro.home" failures="0" tests="1" name="Action_items.Action_item_by_june09" time="11.123" errors="0" timestamp="2020-06-05T15:22:03 EDT" skipped="0">
  <testcase classname="Action_items.Action_item_by_june09" name="yahoo" time="11.123"/>
  <system-out>
Entering a value on element Input and proceed  </system-out>
</testsuite> <!-- Action_items.Action_item_by_june09 -->
